0 info it worked if it ends with ok
1 verbose cli [
1 verbose cli   '/usr/local/bin/node',
1 verbose cli   '/usr/local/bin/npm',
1 verbose cli   'install',
1 verbose cli   '@material-ui/material/CircularProgress'
1 verbose cli ]
2 info using npm@6.14.13
3 info using node@v14.17.1
4 verbose npm-session 3d05e91a91f5917e
5 silly install loadCurrentTree
6 silly install readLocalPackageData
7 silly fetchPackageMetaData error for file:@material-ui/material/CircularProgress Could not install from "@material-ui/material/CircularProgress" as it does not contain a package.json file.
8 timing stage:rollbackFailedOptional Completed in 2ms
9 timing stage:runTopLevelLifecycles Completed in 834ms
10 verbose stack Error: ENOENT: no such file or directory, open '/Users/erickjaimez/Desktop/Stock-Pad/StockPad/frontend/@material-ui/material/CircularProgress/package.json'
11 verbose cwd /Users/erickjaimez/Desktop/Stock-Pad/StockPad/frontend
12 verbose Darwin 18.7.0
13 verbose argv "/usr/local/bin/node" "/usr/local/bin/npm" "install" "@material-ui/material/CircularProgress"
14 verbose node v14.17.1
15 verbose npm  v6.14.13
16 error code ENOLOCAL
17 error Could not install from "@material-ui/material/CircularProgress" as it does not contain a package.json file.
18 verbose exit [ 1, true ]
