0 info it worked if it ends with ok
1 verbose cli [ '/usr/local/bin/node', '/usr/local/bin/npm', 'run', 'dev' ]
2 info using npm@6.14.13
3 info using node@v14.17.1
4 verbose run-script [ 'predev', 'dev', 'postdev' ]
5 info lifecycle Stock-Pad@1.0.0~predev: Stock-Pad@1.0.0
6 info lifecycle Stock-Pad@1.0.0~dev: Stock-Pad@1.0.0
7 verbose lifecycle Stock-Pad@1.0.0~dev: unsafe-perm in lifecycle true
8 verbose lifecycle Stock-Pad@1.0.0~dev: PATH: /usr/local/lib/node_modules/npm/node_modules/npm-lifecycle/node-gyp-bin:/Users/erickjaimez/Desktop/Stock-Pad/node_modules/.bin:/usr/local/bin:/usr/bin:/bin:/usr/sbin:/sbin
9 verbose lifecycle Stock-Pad@1.0.0~dev: CWD: /Users/erickjaimez/Desktop/Stock-Pad
10 silly lifecycle Stock-Pad@1.0.0~dev: Args: [
10 silly lifecycle   '-c',
10 silly lifecycle   'webpack --mode development --entry ./StockPad/frontend/src/index.js --output-path ./StockPad/frontend/static/frontend'
10 silly lifecycle ]
11 silly lifecycle Stock-Pad@1.0.0~dev: Returned: code: 1  signal: null
12 info lifecycle Stock-Pad@1.0.0~dev: Failed to exec dev script
13 verbose stack Error: Stock-Pad@1.0.0 dev: `webpack --mode development --entry ./StockPad/frontend/src/index.js --output-path ./StockPad/frontend/static/frontend`
13 verbose stack Exit status 1
13 verbose stack     at EventEmitter.<anonymous> (/usr/local/lib/node_modules/npm/node_modules/npm-lifecycle/index.js:332:16)
13 verbose stack     at EventEmitter.emit (events.js:375:28)
13 verbose stack     at ChildProcess.<anonymous> (/usr/local/lib/node_modules/npm/node_modules/npm-lifecycle/lib/spawn.js:55:14)
13 verbose stack     at ChildProcess.emit (events.js:375:28)
13 verbose stack     at maybeClose (internal/child_process.js:1055:16)
13 verbose stack     at Process.ChildProcess._handle.onexit (internal/child_process.js:288:5)
14 verbose pkgid Stock-Pad@1.0.0
15 verbose cwd /Users/erickjaimez/Desktop/Stock-Pad/StockPad
16 verbose Darwin 18.7.0
17 verbose argv "/usr/local/bin/node" "/usr/local/bin/npm" "run" "dev"
18 verbose node v14.17.1
19 verbose npm  v6.14.13
20 error code ELIFECYCLE
21 error errno 1
22 error Stock-Pad@1.0.0 dev: `webpack --mode development --entry ./StockPad/frontend/src/index.js --output-path ./StockPad/frontend/static/frontend`
22 error Exit status 1
23 error Failed at the Stock-Pad@1.0.0 dev script.
23 error This is probably not a problem with npm. There is likely additional logging output above.
24 verbose exit [ 1, true ]
